# JRE version: OpenJDK Runtime Environment Temurin-17.0.8.1+1 (17.0.8.1+1) (build 17.0.8.1+1)
# Java VM: OpenJDK 64-Bit Server VM Temurin-17.0.8.1+1 (17.0.8.1+1, mixed mode, tiered, compressed oops, compressed class ptrs, parallel gc, windows-amd64)
GC Precious Log:
 CPUs: 12 total, 12 available
 Memory: 7521M
 Large Page Support: Disabled
 NUMA Support: Disabled
 Compressed Oops: Enabled (32-bit)
 Alignments: Space 512K, Generation 512K, Heap 2M
 Heap Min Capacity: 100M
 Heap Initial Capacity: 100M
 Heap Max Capacity: 1G
 Pre-touch: Disabled
 Parallel Workers: 10
Heap:
 PSYoungGen      total 5632K, used 2888K [0x00000000eab00000, 0x00000000eb200000, 0x0000000100000000)
  eden space 4096K, 44% used [0x00000000eab00000,0x00000000eacca330,0x00000000eaf00000)
  from space 1536K, 68% used [0x00000000eaf00000,0x00000000eb008000,0x00000000eb080000)
  to   space 1536K, 0% used [0x00000000eb080000,0x00000000eb080000,0x00000000eb200000)
 ParOldGen       total 135168K, used 117203K [0x00000000c0000000, 0x00000000c8400000, 0x00000000eab00000)
  object space 135168K, 86% used [0x00000000c0000000,0x00000000c7274d60,0x00000000c8400000)
 Metaspace       used 86026K, committed 87296K, reserved 1179648K
  class space    used 8450K, committed 9024K, reserved 1048576K
GC Heap History (20 events):
Event: 1127.006 GC heap before
{Heap before GC invocations=4819 (full 144):
 PSYoungGen      total 4608K, used 4577K [0x00000000eab00000, 0x00000000eb500000, 0x0000000100000000)
  eden space 4096K, 100% used [0x00000000eab00000,0x00000000eaf00000,0x00000000eaf00000)
  from space 512K, 94% used [0x00000000eb100000,0x00000000eb178608,0x00000000eb180000)
  to   space 3072K, 0% used [0x00000000eb200000,0x00000000eb200000,0x00000000eb500000)
 ParOldGen       total 135168K, used 107918K [0x00000000c0000000, 0x00000000c8400000, 0x00000000eab00000)
  object space 135168K, 79% used [0x00000000c0000000,0x00000000c6963ad8,0x00000000c8400000)
 Metaspace       used 86004K, committed 87296K, reserved 1179648K
  class space    used 8447K, committed 9024K, reserved 1048576K
}
Event: 1127.009 GC heap after
{Heap after GC invocations=4819 (full 144):
 PSYoungGen      total 5120K, used 1024K [0x00000000eab00000, 0x00000000eb300000, 0x0000000100000000)
  eden space 4096K, 0% used [0x00000000eab00000,0x00000000eab00000,0x00000000eaf00000)
  from space 1024K, 100% used [0x00000000eb200000,0x00000000eb300000,0x00000000eb300000)
  to   space 1536K, 0% used [0x00000000eb000000,0x00000000eb000000,0x00000000eb180000)
 ParOldGen       total 135168K, used 108267K [0x00000000c0000000, 0x00000000c8400000, 0x00000000eab00000)
  object space 135168K, 80% used [0x00000000c0000000,0x00000000c69baf58,0x00000000c8400000)
 Metaspace       used 86004K, committed 87296K, reserved 1179648K
  class space    used 8447K, committed 9024K, reserved 1048576K
}
Event: 1127.194 GC heap before
{Heap before GC invocations=4820 (full 144):
 PSYoungGen      total 5120K, used 5119K [0x00000000eab00000, 0x00000000eb300000, 0x0000000100000000)
  eden space 4096K, 99% used [0x00000000eab00000,0x00000000eaefffe8,0x00000000eaf00000)
  from space 1024K, 100% used [0x00000000eb200000,0x00000000eb300000,0x00000000eb300000)
  to   space 1536K, 0% used [0x00000000eb000000,0x00000000eb000000,0x00000000eb180000)
 ParOldGen       total 135168K, used 108267K [0x00000000c0000000, 0x00000000c8400000, 0x00000000eab00000)
  object space 135168K, 80% used [0x00000000c0000000,0x00000000c69baf58,0x00000000c8400000)
 Metaspace       used 86007K, committed 87296K, reserved 1179648K
  class space    used 8447K, committed 9024K, reserved 1048576K
}
Event: 1127.196 GC heap after
{Heap after GC invocations=4820 (full 144):
 PSYoungGen      total 5632K, used 336K [0x00000000eab00000, 0x00000000eb280000, 0x0000000100000000)
  eden space 4096K, 0% used [0x00000000eab00000,0x00000000eab00000,0x00000000eaf00000)
  from space 1536K, 21% used [0x00000000eb000000,0x00000000eb054010,0x00000000eb180000)
  to   space 1024K, 0% used [0x00000000eb180000,0x00000000eb180000,0x00000000eb280000)
 ParOldGen       total 135168K, used 109193K [0x00000000c0000000, 0x00000000c8400000, 0x00000000eab00000)
  object space 135168K, 80% used [0x00000000c0000000,0x00000000c6aa2458,0x00000000c8400000)
 Metaspace       used 86007K, committed 87296K, reserved 1179648K
  class space    used 8447K, committed 9024K, reserved 1048576K
}
Event: 1127.457 GC heap before
{Heap before GC invocations=4821 (full 144):
 PSYoungGen      total 5632K, used 4432K [0x00000000eab00000, 0x00000000eb280000, 0x0000000100000000)
  eden space 4096K, 100% used [0x00000000eab00000,0x00000000eaf00000,0x00000000eaf00000)
  from space 1536K, 21% used [0x00000000eb000000,0x00000000eb054010,0x00000000eb180000)
  to   space 1024K, 0% used [0x00000000eb180000,0x00000000eb180000,0x00000000eb280000)
 ParOldGen       total 135168K, used 109193K [0x00000000c0000000, 0x00000000c8400000, 0x00000000eab00000)
  object space 135168K, 80% used [0x00000000c0000000,0x00000000c6aa2458,0x00000000c8400000)
 Metaspace       used 86007K, committed 87296K, reserved 1179648K
  class space    used 8447K, committed 9024K, reserved 1048576K
}
Event: 1127.458 GC heap after
{Heap after GC invocations=4821 (full 144):
 PSYoungGen      total 5120K, used 1024K [0x00000000eab00000, 0x00000000eb280000, 0x0000000100000000)
  eden space 4096K, 0% used [0x00000000eab00000,0x00000000eab00000,0x00000000eaf00000)
  from space 1024K, 100% used [0x00000000eb180000,0x00000000eb280000,0x00000000eb280000)
  to   space 1536K, 0% used [0x00000000eaf80000,0x00000000eaf80000,0x00000000eb100000)
 ParOldGen       total 135168K, used 109370K [0x00000000c0000000, 0x00000000c8400000, 0x00000000eab00000)
  object space 135168K, 80% used [0x00000000c0000000,0x00000000c6acea20,0x00000000c8400000)
 Metaspace       used 86007K, committed 87296K, reserved 1179648K
  class space    used 8447K, committed 9024K, reserved 1048576K
}
Event: 1127.475 GC heap before
{Heap before GC invocations=4822 (full 144):
 PSYoungGen      total 5120K, used 5120K [0x00000000eab00000, 0x00000000eb280000, 0x0000000100000000)
  eden space 4096K, 100% used [0x00000000eab00000,0x00000000eaf00000,0x00000000eaf00000)
  from space 1024K, 100% used [0x00000000eb180000,0x00000000eb280000,0x00000000eb280000)
  to   space 1536K, 0% used [0x00000000eaf80000,0x00000000eaf80000,0x00000000eb100000)
 ParOldGen       total 135168K, used 109370K [0x00000000c0000000, 0x00000000c8400000, 0x00000000eab00000)
  object space 135168K, 80% used [0x00000000c0000000,0x00000000c6acea20,0x00000000c8400000)
 Metaspace       used 86024K, committed 87296K, reserved 1179648K
  class space    used 8450K, committed 9024K, reserved 1048576K
}
Event: 1127.476 GC heap after
{Heap after GC invocations=4822 (full 144):
 PSYoungGen      total 5632K, used 1140K [0x00000000eab00000, 0x00000000eb200000, 0x0000000100000000)
  eden space 4096K, 0% used [0x00000000eab00000,0x00000000eab00000,0x00000000eaf00000)
  from space 1536K, 74% used [0x00000000eaf80000,0x00000000eb09d278,0x00000000eb100000)
  to   space 1024K, 0% used [0x00000000eb100000,0x00000000eb100000,0x00000000eb200000)
 ParOldGen       total 135168K, used 110299K [0x00000000c0000000, 0x00000000c8400000, 0x00000000eab00000)
  object space 135168K, 81% used [0x00000000c0000000,0x00000000c6bb6fe8,0x00000000c8400000)
 Metaspace       used 86024K, committed 87296K, reserved 1179648K
  class space    used 8450K, committed 9024K, reserved 1048576K
}
Event: 1127.484 GC heap before
{Heap before GC invocations=4823 (full 144):
 PSYoungGen      total 5632K, used 5236K [0x00000000eab00000, 0x00000000eb200000, 0x0000000100000000)
  eden space 4096K, 100% used [0x00000000eab00000,0x00000000eaf00000,0x00000000eaf00000)
  from space 1536K, 74% used [0x00000000eaf80000,0x00000000eb09d278,0x00000000eb100000)
  to   space 1024K, 0% used [0x00000000eb100000,0x00000000eb100000,0x00000000eb200000)
 ParOldGen       total 135168K, used 110299K [0x00000000c0000000, 0x00000000c8400000, 0x00000000eab00000)
  object space 135168K, 81% used [0x00000000c0000000,0x00000000c6bb6fe8,0x00000000c8400000)
 Metaspace       used 86024K, committed 87296K, reserved 1179648K
  class space    used 8450K, committed 9024K, reserved 1048576K
}
Event: 1127.485 GC heap after
{Heap after GC invocations=4823 (full 144):
 PSYoungGen      total 5120K, used 984K [0x00000000eab00000, 0x00000000eb200000, 0x0000000100000000)
  eden space 4096K, 0% used [0x00000000eab00000,0x00000000eab00000,0x00000000eaf00000)
  from space 1024K, 96% used [0x00000000eb100000,0x00000000eb1f6048,0x00000000eb200000)
  to   space 1536K, 0% used [0x00000000eaf00000,0x00000000eaf00000,0x00000000eb080000)
 ParOldGen       total 135168K, used 111287K [0x00000000c0000000, 0x00000000c8400000, 0x00000000eab00000)
  object space 135168K, 82% used [0x00000000c0000000,0x00000000c6cadc50,0x00000000c8400000)
 Metaspace       used 86024K, committed 87296K, reserved 1179648K
  class space    used 8450K, committed 9024K, reserved 1048576K
}
Event: 1127.497 GC heap before
{Heap before GC invocations=4824 (full 144):
 PSYoungGen      total 5120K, used 5080K [0x00000000eab00000, 0x00000000eb200000, 0x0000000100000000)
  eden space 4096K, 100% used [0x00000000eab00000,0x00000000eaf00000,0x00000000eaf00000)
  from space 1024K, 96% used [0x00000000eb100000,0x00000000eb1f6048,0x00000000eb200000)
  to   space 1536K, 0% used [0x00000000eaf00000,0x00000000eaf00000,0x00000000eb080000)
 ParOldGen       total 135168K, used 111287K [0x00000000c0000000, 0x00000000c8400000, 0x00000000eab00000)
  object space 135168K, 82% used [0x00000000c0000000,0x00000000c6cadc50,0x00000000c8400000)
 Metaspace       used 86026K, committed 87296K, reserved 1179648K
  class space    used 8450K, committed 9024K, reserved 1048576K
}
Event: 1127.498 GC heap after
{Heap after GC invocations=4824 (full 144):
 PSYoungGen      total 5632K, used 1346K [0x00000000eab00000, 0x00000000eb200000, 0x0000000100000000)
  eden space 4096K, 0% used [0x00000000eab00000,0x00000000eab00000,0x00000000eaf00000)
  from space 1536K, 87% used [0x00000000eaf00000,0x00000000eb0509c8,0x00000000eb080000)
  to   space 1536K, 0% used [0x00000000eb080000,0x00000000eb080000,0x00000000eb200000)
 ParOldGen       total 135168K, used 112135K [0x00000000c0000000, 0x00000000c8400000, 0x00000000eab00000)
  object space 135168K, 82% used [0x00000000c0000000,0x00000000c6d81c88,0x00000000c8400000)
 Metaspace       used 86026K, committed 87296K, reserved 1179648K
  class space    used 8450K, committed 9024K, reserved 1048576K
}
Event: 1127.510 GC heap before
{Heap before GC invocations=4825 (full 144):
 PSYoungGen      total 5632K, used 5442K [0x00000000eab00000, 0x00000000eb200000, 0x0000000100000000)
  eden space 4096K, 100% used [0x00000000eab00000,0x00000000eaf00000,0x00000000eaf00000)
  from space 1536K, 87% used [0x00000000eaf00000,0x00000000eb0509c8,0x00000000eb080000)
  to   space 1536K, 0% used [0x00000000eb080000,0x00000000eb080000,0x00000000eb200000)
 ParOldGen       total 135168K, used 112135K [0x00000000c0000000, 0x00000000c8400000, 0x00000000eab00000)
  object space 135168K, 82% used [0x00000000c0000000,0x00000000c6d81c88,0x00000000c8400000)
 Metaspace       used 86026K, committed 87296K, reserved 1179648K
  class space    used 8450K, committed 9024K, reserved 1048576K
}
Event: 1127.511 GC heap after
{Heap after GC invocations=4825 (full 144):
 PSYoungGen      total 5632K, used 1457K [0x00000000eab00000, 0x00000000eb200000, 0x0000000100000000)
  eden space 4096K, 0% used [0x00000000eab00000,0x00000000eab00000,0x00000000eaf00000)
  from space 1536K, 94% used [0x00000000eb080000,0x00000000eb1ec588,0x00000000eb200000)
  to   space 1536K, 0% used [0x00000000eaf00000,0x00000000eaf00000,0x00000000eb080000)
 ParOldGen       total 135168K, used 113353K [0x00000000c0000000, 0x00000000c8400000, 0x00000000eab00000)
  object space 135168K, 83% used [0x00000000c0000000,0x00000000c6eb2740,0x00000000c8400000)
 Metaspace       used 86026K, committed 87296K, reserved 1179648K
  class space    used 8450K, committed 9024K, reserved 1048576K
}
Event: 1127.523 GC heap before
{Heap before GC invocations=4826 (full 144):
 PSYoungGen      total 5632K, used 5553K [0x00000000eab00000, 0x00000000eb200000, 0x0000000100000000)
  eden space 4096K, 100% used [0x00000000eab00000,0x00000000eaf00000,0x00000000eaf00000)
  from space 1536K, 94% used [0x00000000eb080000,0x00000000eb1ec588,0x00000000eb200000)
  to   space 1536K, 0% used [0x00000000eaf00000,0x00000000eaf00000,0x00000000eb080000)
 ParOldGen       total 135168K, used 113353K [0x00000000c0000000, 0x00000000c8400000, 0x00000000eab00000)
  object space 135168K, 83% used [0x00000000c0000000,0x00000000c6eb2740,0x00000000c8400000)
 Metaspace       used 86026K, committed 87296K, reserved 1179648K
  class space    used 8450K, committed 9024K, reserved 1048576K
}
Event: 1127.524 GC heap after
{Heap after GC invocations=4826 (full 144):
 PSYoungGen      total 5632K, used 1302K [0x00000000eab00000, 0x00000000eb200000, 0x0000000100000000)
  eden space 4096K, 0% used [0x00000000eab00000,0x00000000eab00000,0x00000000eaf00000)
  from space 1536K, 84% used [0x00000000eaf00000,0x00000000eb045898,0x00000000eb080000)
  to   space 1536K, 0% used [0x00000000eb080000,0x00000000eb080000,0x00000000eb200000)
 ParOldGen       total 135168K, used 114708K [0x00000000c0000000, 0x00000000c8400000, 0x00000000eab00000)
  object space 135168K, 84% used [0x00000000c0000000,0x00000000c7005218,0x00000000c8400000)
 Metaspace       used 86026K, committed 87296K, reserved 1179648K
  class space    used 8450K, committed 9024K, reserved 1048576K
}
Event: 1127.537 GC heap before
{Heap before GC invocations=4827 (full 144):
 PSYoungGen      total 5632K, used 5398K [0x00000000eab00000, 0x00000000eb200000, 0x0000000100000000)
  eden space 4096K, 100% used [0x00000000eab00000,0x00000000eaf00000,0x00000000eaf00000)
  from space 1536K, 84% used [0x00000000eaf00000,0x00000000eb045898,0x00000000eb080000)
  to   space 1536K, 0% used [0x00000000eb080000,0x00000000eb080000,0x00000000eb200000)
 ParOldGen       total 135168K, used 114708K [0x00000000c0000000, 0x00000000c8400000, 0x00000000eab00000)
  object space 135168K, 84% used [0x00000000c0000000,0x00000000c7005218,0x00000000c8400000)
 Metaspace       used 86026K, committed 87296K, reserved 1179648K
  class space    used 8450K, committed 9024K, reserved 1048576K
}
Event: 1127.538 GC heap after
{Heap after GC invocations=4827 (full 144):
 PSYoungGen      total 5632K, used 1344K [0x00000000eab00000, 0x00000000eb200000, 0x0000000100000000)
  eden space 4096K, 0% used [0x00000000eab00000,0x00000000eab00000,0x00000000eaf00000)
  from space 1536K, 87% used [0x00000000eb080000,0x00000000eb1d02a8,0x00000000eb200000)
  to   space 1536K, 0% used [0x00000000eaf00000,0x00000000eaf00000,0x00000000eb080000)
 ParOldGen       total 135168K, used 115920K [0x00000000c0000000, 0x00000000c8400000, 0x00000000eab00000)
  object space 135168K, 85% used [0x00000000c0000000,0x00000000c7134098,0x00000000c8400000)
 Metaspace       used 86026K, committed 87296K, reserved 1179648K
  class space    used 8450K, committed 9024K, reserved 1048576K
}
Event: 1127.638 GC heap before
{Heap before GC invocations=4828 (full 144):
 PSYoungGen      total 5632K, used 5440K [0x00000000eab00000, 0x00000000eb200000, 0x0000000100000000)
  eden space 4096K, 99% used [0x00000000eab00000,0x00000000eaeffff8,0x00000000eaf00000)
  from space 1536K, 87% used [0x00000000eb080000,0x00000000eb1d02a8,0x00000000eb200000)
  to   space 1536K, 0% used [0x00000000eaf00000,0x00000000eaf00000,0x00000000eb080000)
 ParOldGen       total 135168K, used 115920K [0x00000000c0000000, 0x00000000c8400000, 0x00000000eab00000)
  object space 135168K, 85% used [0x00000000c0000000,0x00000000c7134098,0x00000000c8400000)
 Metaspace       used 86026K, committed 87296K, reserved 1179648K
  class space    used 8450K, committed 9024K, reserved 1048576K
}
Event: 1127.639 GC heap after
{Heap after GC invocations=4828 (full 144):
 PSYoungGen      total 5632K, used 1056K [0x00000000eab00000, 0x00000000eb200000, 0x0000000100000000)
  eden space 4096K, 0% used [0x00000000eab00000,0x00000000eab00000,0x00000000eaf00000)
  from space 1536K, 68% used [0x00000000eaf00000,0x00000000eb008000,0x00000000eb080000)
  to   space 1536K, 0% used [0x00000000eb080000,0x00000000eb080000,0x00000000eb200000)
 ParOldGen       total 135168K, used 117203K [0x00000000c0000000, 0x00000000c8400000, 0x00000000eab00000)
  object space 135168K, 86% used [0x00000000c0000000,0x00000000c7274d60,0x00000000c8400000)
 Metaspace       used 86026K, committed 87296K, reserved 1179648K
  class space    used 8450K, committed 9024K, reserved 1048576K
}

